<?xml version="1.0" encoding="utf-8"?><testsuites name="pytest tests"><testsuite name="pytest" errors="0" failures="0" skipped="0" tests="11" time="0.997" timestamp="2026-05-26T12:26:58.442748+00:00" hostname="agent-env-9c6f8fb7-f185-4db8-b251-d00c085dc519"><testcase classname="backend.tests.test_spinnshot.TestHealth" name="test_health_ok" time="0.183" /><testcase classname="backend.tests.test_spinnshot.TestCategories" name="test_categories_sorted_and_expected" time="0.052" /><testcase classname="backend.tests.test_spinnshot.TestQuestions" name="test_questions_total_at_least_50" time="0.054" /><testcase classname="backend.tests.test_spinnshot.TestQuestions" name="test_questions_filter_by_categoria_cine" time="0.051" /><testcase classname="backend.tests.test_spinnshot.TestQuestions" name="test_questions_filter_todas_returns_all" time="0.099" /><testcase classname="backend.tests.test_spinnshot.TestGamesAndLeaderboard" name="test_create_game_returns_id_and_uid" time="0.060" /><testcase classname="backend.tests.test_spinnshot.TestGamesAndLeaderboard" name="test_create_second_game_and_history_persists" time="0.102" /><testcase classname="backend.tests.test_spinnshot.TestGamesAndLeaderboard" name="test_leaderboard_aggregation" time="0.051" /><testcase classname="backend.tests.test_spinnshot.TestGamesAndLeaderboard" name="test_delete_game_invalid_id_returns_400" time="0.052" /><testcase classname="backend.tests.test_spinnshot.TestGamesAndLeaderboard" name="test_delete_game_unknown_returns_404" time="0.047" /><testcase classname="backend.tests.test_spinnshot.TestGamesAndLeaderboard" name="test_zz_cleanup_delete_created_games" time="0.144" /></testsuite></testsuites>